<?xml version="1.0" encoding="UTF-8"?>
<testng-results ignored="0" total="1" passed="1" failed="0" skipped="0">
  <reporter-output>
  </reporter-output>
  <suite started-at="2022-03-23T13:15:40 IST" name="Default suite" finished-at="2022-03-23T13:15:54 IST" duration-ms="13370">
    <groups>
    </groups>
    <test started-at="2022-03-23T13:15:40 IST" name="Default test" finished-at="2022-03-23T13:15:54 IST" duration-ms="13370">
      <class name="API.Test_PUT">
        <test-method signature="test()[pri:0, instance:API.Test_PUT@73ee04c8]" started-at="2022-03-23T13:15:40 IST" name="test" finished-at="2022-03-23T13:15:54 IST" duration-ms="13344" status="PASS">
          <reporter-output>
          </reporter-output>
        </test-method> <!-- test -->
      </class> <!-- API.Test_PUT -->
    </test> <!-- Default test -->
  </suite> <!-- Default suite -->
</testng-results>
